#
# A fatal error has been detected by the Java Runtime Environment:
#
#  Internal Error (javaClasses.cpp:136), pid=4932, tid=8524
#  fatal error: Invalid layout of preloaded class
#
# JRE version:  (7.0_40-b43) (build )
# Java VM: Java HotSpot(TM) Client VM (24.0-b56 mixed mode windows-x86 )
# Failed to write core dump. Minidumps are not enabled by default on client versions of Windows
#
# If you would like to submit a bug report, please visit:
#   http://bugreport.sun.com/bugreport/crash.jsp
#

---------------  T H R E A D  ---------------

Current thread (0x0029c800):  JavaThread "Unknown thread" [_thread_in_vm, id=8524, stack(0x02270000,0x022c0000)]

Stack: [0x02270000,0x022c0000],  sp=0x022bf840,  free space=318k
Native frames: (J=compiled Java code, j=interpreted, Vv=VM code, C=native code)
V  [jvm.dll+0x18db91]
V  [jvm.dll+0x187936]
V  [jvm.dll+0x3582a]
V  [jvm.dll+0x358b6]
V  [jvm.dll+0x43fdd]
V  [jvm.dll+0x4428e]
V  [jvm.dll+0x923fa]
V  [jvm.dll+0x927ab]
V  [jvm.dll+0x13d761]
V  [jvm.dll+0x16023c]
V  [jvm.dll+0xc8c5f]
C  [javaw.exe+0x13ce]
C  [javaw.exe+0x1e40]
C  [javaw.exe+0xa5b1]
C  [javaw.exe+0xa63b]
C  [kernel32.dll+0x1336a]
C  [ntdll.dll+0x392b2]
C  [ntdll.dll+0x39285]


---------------  P R O C E S S  ---------------

Java Threads: ( => current thread )

Other Threads:

=>0x0029c800 (exited) JavaThread "Unknown thread" [_thread_in_vm, id=8524, stack(0x02270000,0x022c0000)]

VM state:not at safepoint (not fully initialized)

VM Mutex/Monitor currently owned by a thread: None

GC Heap History (0 events):
No events

Deoptimization events (0 events):
No events

Internal exceptions (0 events):
No events

Events (10 events):
Event: 0.031 loading class 0x02047a50 done
Event: 0.031 loading class 0x020474e0 done
Event: 0.031 loading class 0x020474c0
Event: 0.031 loading class 0x0204e7e8
Event: 0.031 loading class 0x0204e7e8 done
Event: 0.031 loading class 0x0204e818
Event: 0.031 loading class 0x0204e818 done
Event: 0.031 loading class 0x0204e848
Event: 0.031 loading class 0x0204e848 done
Event: 0.031 loading class 0x020474c0 done


Dynamic libraries:
0x00b90000 - 0x00bbf000 	C:\Program Files (x86)\Java\jre7\bin\javaw.exe
0x77700000 - 0x77880000 	C:\Windows\SysWOW64\ntdll.dll
0x76610000 - 0x76720000 	C:\Windows\syswow64\kernel32.dll
0x76160000 - 0x761a7000 	C:\Windows\syswow64\KERNELBASE.dll
0x770c0000 - 0x77160000 	C:\Windows\syswow64\ADVAPI32.dll
0x763f0000 - 0x7649c000 	C:\Windows\syswow64\msvcrt.dll
0x768b0000 - 0x768c9000 	C:\Windows\SysWOW64\sechost.dll
0x76740000 - 0x76830000 	C:\Windows\syswow64\RPCRT4.dll
0x74c00000 - 0x74c60000 	C:\Windows\syswow64\SspiCli.dll
0x74bf0000 - 0x74bfc000 	C:\Windows\syswow64\CRYPTBASE.dll
0x75cc0000 - 0x75dc0000 	C:\Windows\syswow64\USER32.dll
0x75c20000 - 0x75cb0000 	C:\Windows\syswow64\GDI32.dll
0x76730000 - 0x7673a000 	C:\Windows\syswow64\LPK.dll
0x760c0000 - 0x7615d000 	C:\Windows\syswow64\USP10.dll
0x744a0000 - 0x7463e000 	C:\Windows\WinSxS\x86_microsoft.windows.common-controls_6595b64144ccf1df_6.0.7601.17514_none_41e6975e2bd6f2b2\COMCTL32.dll
0x76c40000 - 0x76c97000 	C:\Windows\syswow64\SHLWAPI.dll
0x75fb0000 - 0x76010000 	C:\Windows\system32\IMM32.DLL
0x76ca0000 - 0x76d6c000 	C:\Windows\syswow64\MSCTF.dll
0x66f50000 - 0x6700e000 	C:\Program Files (x86)\Java\jre7\bin\msvcr100.dll
0x67010000 - 0x67390000 	C:\Program Files (x86)\Java\jre7\bin\client\jvm.dll
0x70a00000 - 0x70a07000 	C:\Windows\system32\WSOCK32.dll
0x77000000 - 0x77035000 	C:\Windows\syswow64\WS2_32.dll
0x75cb0000 - 0x75cb6000 	C:\Windows\syswow64\NSI.dll
0x76a20000 - 0x76a52000 	C:\Windows\syswow64\WINMM.dll
0x770a0000 - 0x770a5000 	C:\Windows\syswow64\PSAPI.DLL
0x73da0000 - 0x73dac000 	C:\Program Files (x86)\Java\jre7\bin\verify.dll
0x73d80000 - 0x73da0000 	C:\Program Files (x86)\Java\jre7\bin\java.dll
0x73d60000 - 0x73d73000 	C:\Program Files (x86)\Java\jre7\bin\zip.dll
0x6fe10000 - 0x6fefb000 	C:\Windows\system32\dbghelp.dll

VM Arguments:
jvm_args: -Dfile.encoding=GBK -Xbootclasspath:E:\李丹霞\android开发工具\android-sdk-windows\platforms\android-17\android.jar 
java_command: com.petebevin.markdown.MarkdownProcessor
Launcher Type: SUN_STANDARD

Environment Variables:
JAVA_HOME=C:\Program Files\Java\jdk1.7.0_07
CLASSPATH=.;C:\Program Files\Java\jdk1.7.0_07\lib\dt.jar;C:\Program Files\Java\jdk1.7.0_07\lib\tools.jar
PATH=C:/Program Files (x86)/Java/jre7/bin/client;C:/Program Files (x86)/Java/jre7/bin;C:/Program Files (x86)/Java/jre7/lib/i386;C:\Program Files\Common Files\Microsoft Shared\Windows Live;C:\Program Files (x86)\Common Files\Microsoft Shared\Windows Live;C:\Windows\system32;C:\Windows;C:\Windows\System32\Wbem;C:\Windows\System32\WindowsPowerShell\v1.0\;C:MinGW\bin;C:\Program Files (x86)\Windows Live\Shared;E:\李丹霞\android开发工具\android-sdk-windows\tools;;;;;;;;:\Program Files\TortoiseGit\bin;C:\MinGW\bin;C:\Program Files\Java\jdk1.7.0_07\bin;C:\Program Files (x86)\Android\android-sdk\tools;C:\Program Files (x86)\Android\android-sdk\platform-tools;E:\李丹霞\android开发工具\eclipse;
USERNAME=Gravel
OS=Windows_NT
PROCESSOR_IDENTIFIER=Intel64 Family 6 Model 26 Stepping 5, GenuineIntel



---------------  S Y S T E M  ---------------

OS: Windows 7 , 64 bit Build 7601 Service Pack 1

CPU:total 16 (4 cores per cpu, 2 threads per core) family 6 model 26 stepping 5, cmov, cx8, fxsr, mmx, sse, sse2, sse3, ssse3, sse4.1, sse4.2, popcnt, ht, tsc, tscinvbit, tscinv

Memory: 4k page, physical 20962532k(17336360k free), swap 20977064k(17217976k free)

vm_info: Java HotSpot(TM) Client VM (24.0-b56) for windows-x86 JRE (1.7.0_40-b43), built on Aug 26 2013 22:34:40 by "java_re" with unknown MS VC++:1600

time: Fri Apr 24 15:55:31 2015
elapsed time: 0 seconds

